<?xml version="1.0" encoding="UTF-8"?>
<testsuite name="tests.SearchTest" tests="6" skipped="0" failures="0" errors="0" timestamp="2022-07-30T18:14:56" hostname="DESKTOP-31QDJF0" time="33.868">
  <properties/>
  <testcase name="searchAnyPeriod" classname="tests.SearchTest" time="7.099"/>
  <testcase name="searchCurrentMonth" classname="tests.SearchTest" time="4.447"/>
  <testcase name="searchCurrentYear" classname="tests.SearchTest" time="6.222"/>
  <testcase name="searchCurrentYearLocalDate" classname="tests.SearchTest" time="5.781"/>
  <testcase name="searchNextMonth" classname="tests.SearchTest" time="5.508"/>
  <testcase name="searchPeriodPast" classname="tests.SearchTest" time="3.468"/>
  <system-out><![CDATA[21:14:56.981  INFO  manager.HelperBase - Start method with name --> searchAnyPeriod
21:14:56.981  INFO  manager.MyListener - WebDriver start find element -->By.id: city
21:14:56.992  INFO  manager.MyListener - WebDriver found element by locator -->By.id: city
21:14:57.971  INFO  manager.MyListener - WebDriver start find element -->By.cssSelector: .pac-item
21:14:57.984  INFO  manager.MyListener - WebDriver found element by locator -->By.cssSelector: .pac-item
21:14:58.712  INFO  manager.MyListener - WebDriver start find element -->By.id: dates
21:14:58.725  INFO  manager.MyListener - WebDriver found element by locator -->By.id: dates
21:14:58.774  INFO  manager.MyListener - WebDriver start find element -->By.id: dates
21:14:58.784  INFO  manager.MyListener - WebDriver found element by locator -->By.id: dates
21:14:59.103  INFO  manager.MyListener - WebDriver start find element -->By.cssSelector: button[aria-label='Next month'
21:14:59.116  INFO  manager.MyListener - WebDriver found element by locator -->By.cssSelector: button[aria-label='Next month'
21:14:59.379  INFO  manager.MyListener - WebDriver start find element -->By.cssSelector: button[aria-label='Next month'
21:14:59.389  INFO  manager.MyListener - WebDriver found element by locator -->By.cssSelector: button[aria-label='Next month'
21:14:59.642  INFO  manager.MyListener - WebDriver start find element -->By.cssSelector: button[aria-label='Next month'
21:14:59.654  INFO  manager.MyListener - WebDriver found element by locator -->By.cssSelector: button[aria-label='Next month'
21:14:59.908  INFO  manager.MyListener - WebDriver start find element -->By.cssSelector: button[aria-label='Next month'
21:14:59.918  INFO  manager.MyListener - WebDriver found element by locator -->By.cssSelector: button[aria-label='Next month'
21:15:00.173  INFO  manager.MyListener - WebDriver start find element -->By.cssSelector: button[aria-label='Next month'
21:15:00.183  INFO  manager.MyListener - WebDriver found element by locator -->By.cssSelector: button[aria-label='Next month'
21:15:00.437  INFO  manager.MyListener - WebDriver start find element -->By.cssSelector: button[aria-label='Next month'
21:15:00.450  INFO  manager.MyListener - WebDriver found element by locator -->By.cssSelector: button[aria-label='Next month'
21:15:00.712  INFO  manager.MyListener - WebDriver start find element -->By.cssSelector: button[aria-label='Next month'
21:15:00.726  INFO  manager.MyListener - WebDriver found element by locator -->By.cssSelector: button[aria-label='Next month'
21:15:00.976  INFO  manager.MyListener - WebDriver start find element -->By.cssSelector: button[aria-label='Next month'
21:15:00.987  INFO  manager.MyListener - WebDriver found element by locator -->By.cssSelector: button[aria-label='Next month'
21:15:01.257  INFO  manager.MyListener - WebDriver start find element -->By.cssSelector: button[aria-label='Next month'
21:15:01.271  INFO  manager.MyListener - WebDriver found element by locator -->By.cssSelector: button[aria-label='Next month'
21:15:01.519  INFO  manager.MyListener - WebDriver start find element -->By.cssSelector: button[aria-label='Next month'
21:15:01.532  INFO  manager.MyListener - WebDriver found element by locator -->By.cssSelector: button[aria-label='Next month'
21:15:01.790  INFO  manager.MyListener - WebDriver start find element -->By.cssSelector: button[aria-label='Next month'
21:15:01.805  INFO  manager.MyListener - WebDriver found element by locator -->By.cssSelector: button[aria-label='Next month'
21:15:02.061  INFO  manager.MyListener - WebDriver start find element -->By.xpath: //div[text()=' 10 ']
21:15:02.073  INFO  manager.MyListener - WebDriver found element by locator -->By.xpath: //div[text()=' 10 ']
21:15:02.326  INFO  manager.MyListener - WebDriver start find element -->By.cssSelector: button[aria-label='Next month'
21:15:02.340  INFO  manager.MyListener - WebDriver found element by locator -->By.cssSelector: button[aria-label='Next month'
21:15:02.595  INFO  manager.MyListener - WebDriver start find element -->By.xpath: //div[text()=' 15 ']
21:15:02.624  INFO  manager.MyListener - WebDriver found element by locator -->By.xpath: //div[text()=' 15 ']
21:15:02.887  INFO  manager.MyListener - WebDriver start find element -->By.cssSelector: button[type='submit']
21:15:02.896  INFO  manager.MyListener - WebDriver found element by locator -->By.cssSelector: button[type='submit']
21:15:02.921  INFO  manager.MyListener - WebDriver start find element -->By.cssSelector: button[type='submit']
21:15:02.928  INFO  manager.MyListener - WebDriver found element by locator -->By.cssSelector: button[type='submit']
21:15:04.081  INFO  manager.MyListener - WebDriver start find element -->By.cssSelector: a[href='/search']
21:15:04.090  INFO  manager.MyListener - WebDriver found element by locator -->By.cssSelector: a[href='/search']
21:15:04.356  INFO  manager.HelperBase - Start method with name --> searchCurrentMonth
21:15:04.357  INFO  manager.MyListener - WebDriver start find element -->By.id: city
21:15:04.367  INFO  manager.MyListener - WebDriver found element by locator -->By.id: city
21:15:05.346  INFO  manager.MyListener - WebDriver start find element -->By.cssSelector: .pac-item
21:15:06.039  INFO  manager.MyListener - WebDriver found element by locator -->By.cssSelector: .pac-item
21:15:06.761  INFO  manager.MyListener - WebDriver start find element -->By.id: dates
21:15:06.774  INFO  manager.MyListener - WebDriver found element by locator -->By.id: dates
21:15:06.803  INFO  manager.MyListener - WebDriver start find element -->By.id: dates
21:15:06.811  INFO  manager.MyListener - WebDriver found element by locator -->By.id: dates
21:15:07.090  INFO  manager.MyListener - WebDriver start find element -->By.xpath: //div[text()=' 30 ']
21:15:07.104  INFO  manager.MyListener - WebDriver found element by locator -->By.xpath: //div[text()=' 30 ']
21:15:07.370  INFO  manager.MyListener - WebDriver start find element -->By.xpath: //div[text()=' 31 ']
21:15:07.382  INFO  manager.MyListener - WebDriver found element by locator -->By.xpath: //div[text()=' 31 ']
21:15:07.651  INFO  manager.MyListener - WebDriver start find element -->By.cssSelector: button[type='submit']
21:15:07.661  INFO  manager.MyListener - WebDriver found element by locator -->By.cssSelector: button[type='submit']
21:15:07.688  INFO  manager.MyListener - WebDriver start find element -->By.cssSelector: button[type='submit']
21:15:07.697  INFO  manager.MyListener - WebDriver found element by locator -->By.cssSelector: button[type='submit']
21:15:08.804  INFO  manager.MyListener - WebDriver start find element -->By.cssSelector: a[href='/search']
21:15:08.815  INFO  manager.MyListener - WebDriver found element by locator -->By.cssSelector: a[href='/search']
21:15:09.073  INFO  manager.HelperBase - Start method with name --> searchCurrentYear
21:15:09.074  INFO  manager.MyListener - WebDriver start find element -->By.id: city
21:15:09.082  INFO  manager.MyListener - WebDriver found element by locator -->By.id: city
21:15:10.073  INFO  manager.MyListener - WebDriver start find element -->By.cssSelector: .pac-item
21:15:10.086  INFO  manager.MyListener - WebDriver found element by locator -->By.cssSelector: .pac-item
21:15:10.802  INFO  manager.MyListener - WebDriver start find element -->By.id: dates
21:15:10.812  INFO  manager.MyListener - WebDriver found element by locator -->By.id: dates
21:15:10.830  INFO  manager.MyListener - WebDriver start find element -->By.id: dates
21:15:10.838  INFO  manager.MyListener - WebDriver found element by locator -->By.id: dates
21:15:11.091  INFO  manager.MyListener - WebDriver start find element -->By.cssSelector: button[aria-label='Next month'
21:15:11.101  INFO  manager.MyListener - WebDriver found element by locator -->By.cssSelector: button[aria-label='Next month'
21:15:11.346  INFO  manager.MyListener - WebDriver start find element -->By.cssSelector: button[aria-label='Next month'
21:15:11.360  INFO  manager.MyListener - WebDriver found element by locator -->By.cssSelector: button[aria-label='Next month'
21:15:11.615  INFO  manager.MyListener - WebDriver start find element -->By.cssSelector: button[aria-label='Next month'
21:15:11.628  INFO  manager.MyListener - WebDriver found element by locator -->By.cssSelector: button[aria-label='Next month'
21:15:11.886  INFO  manager.MyListener - WebDriver start find element -->By.xpath: //div[text()=' 28 ']
21:15:11.899  INFO  manager.MyListener - WebDriver found element by locator -->By.xpath: //div[text()=' 28 ']
21:15:12.149  INFO  manager.MyListener - WebDriver start find element -->By.cssSelector: button[aria-label='Next month'
21:15:12.163  INFO  manager.MyListener - WebDriver found element by locator -->By.cssSelector: button[aria-label='Next month'
21:15:12.416  INFO  manager.MyListener - WebDriver start find element -->By.cssSelector: button[aria-label='Next month'
21:15:12.430  INFO  manager.MyListener - WebDriver found element by locator -->By.cssSelector: button[aria-label='Next month'
21:15:12.669  INFO  manager.MyListener - WebDriver start find element -->By.xpath: //div[text()=' 10 ']
21:15:12.683  INFO  manager.MyListener - WebDriver found element by locator -->By.xpath: //div[text()=' 10 ']
21:15:12.944  INFO  manager.MyListener - WebDriver start find element -->By.cssSelector: button[type='submit']
21:15:12.958  INFO  manager.MyListener - WebDriver found element by locator -->By.cssSelector: button[type='submit']
21:15:12.997  INFO  manager.MyListener - WebDriver start find element -->By.cssSelector: button[type='submit']
21:15:13.010  INFO  manager.MyListener - WebDriver found element by locator -->By.cssSelector: button[type='submit']
https://ilcarro-1578153671498.web.app/search/results?city=Tel%20Aviv-Yafo&startDate=2022-10-28%2000:00&endDate=2022-12-10%2000:00
21:15:15.296  INFO  manager.MyListener - WebDriver start find element -->By.cssSelector: a[href='/search']
21:15:15.306  INFO  manager.MyListener - WebDriver found element by locator -->By.cssSelector: a[href='/search']
21:15:15.573  INFO  manager.HelperBase - Start method with name --> searchCurrentYearLocalDate
21:15:15.574  INFO  manager.MyListener - WebDriver start find element -->By.id: city
21:15:15.589  INFO  manager.MyListener - WebDriver found element by locator -->By.id: city
21:15:16.582  INFO  manager.MyListener - WebDriver start find element -->By.cssSelector: .pac-item
21:15:16.595  INFO  manager.MyListener - WebDriver found element by locator -->By.cssSelector: .pac-item
21:15:17.315  INFO  manager.MyListener - WebDriver start find element -->By.id: dates
21:15:17.327  INFO  manager.MyListener - WebDriver found element by locator -->By.id: dates
21:15:17.352  INFO  manager.MyListener - WebDriver start find element -->By.id: dates
21:15:17.363  INFO  manager.MyListener - WebDriver found element by locator -->By.id: dates
21:15:17.630  INFO  manager.MyListener - WebDriver start find element -->By.cssSelector: button[aria-label='Next month'
21:15:17.644  INFO  manager.MyListener - WebDriver found element by locator -->By.cssSelector: button[aria-label='Next month'
21:15:17.916  INFO  manager.MyListener - WebDriver start find element -->By.xpath: //div[text()=' 10 ']
21:15:17.929  INFO  manager.MyListener - WebDriver found element by locator -->By.xpath: //div[text()=' 10 ']
21:15:18.194  INFO  manager.MyListener - WebDriver start find element -->By.cssSelector: button[aria-label='Next month'
21:15:18.205  INFO  manager.MyListener - WebDriver found element by locator -->By.cssSelector: button[aria-label='Next month'
21:15:18.455  INFO  manager.MyListener - WebDriver start find element -->By.cssSelector: button[aria-label='Next month'
21:15:18.466  INFO  manager.MyListener - WebDriver found element by locator -->By.cssSelector: button[aria-label='Next month'
21:15:18.718  INFO  manager.MyListener - WebDriver start find element -->By.xpath: //div[text()=' 20 ']
21:15:18.728  INFO  manager.MyListener - WebDriver found element by locator -->By.xpath: //div[text()=' 20 ']
21:15:18.982  INFO  manager.MyListener - WebDriver start find element -->By.cssSelector: button[type='submit']
21:15:18.996  INFO  manager.MyListener - WebDriver found element by locator -->By.cssSelector: button[type='submit']
21:15:19.033  INFO  manager.MyListener - WebDriver start find element -->By.cssSelector: button[type='submit']
21:15:19.045  INFO  manager.MyListener - WebDriver found element by locator -->By.cssSelector: button[type='submit']
21:15:21.355  INFO  manager.MyListener - WebDriver start find element -->By.cssSelector: a[href='/search']
21:15:21.366  INFO  manager.MyListener - WebDriver found element by locator -->By.cssSelector: a[href='/search']
21:15:21.615  INFO  manager.HelperBase - Start method with name --> searchNextMonth
21:15:21.616  INFO  manager.MyListener - WebDriver start find element -->By.id: city
21:15:21.627  INFO  manager.MyListener - WebDriver found element by locator -->By.id: city
21:15:22.606  INFO  manager.MyListener - WebDriver start find element -->By.cssSelector: .pac-item
21:15:22.619  INFO  manager.MyListener - WebDriver found element by locator -->By.cssSelector: .pac-item
21:15:23.337  INFO  manager.MyListener - WebDriver start find element -->By.id: dates
21:15:23.350  INFO  manager.MyListener - WebDriver found element by locator -->By.id: dates
21:15:23.375  INFO  manager.MyListener - WebDriver start find element -->By.id: dates
21:15:23.385  INFO  manager.MyListener - WebDriver found element by locator -->By.id: dates
21:15:23.640  INFO  manager.MyListener - WebDriver start find element -->By.cssSelector: button[aria-label='Next month'
21:15:23.655  INFO  manager.MyListener - WebDriver found element by locator -->By.cssSelector: button[aria-label='Next month'
21:15:23.912  INFO  manager.MyListener - WebDriver start find element -->By.xpath: //div[text()=' 8 ']
21:15:23.925  INFO  manager.MyListener - WebDriver found element by locator -->By.xpath: //div[text()=' 8 ']
21:15:24.168  INFO  manager.MyListener - WebDriver start find element -->By.xpath: //div[text()=' 20 ']
21:15:24.179  INFO  manager.MyListener - WebDriver found element by locator -->By.xpath: //div[text()=' 20 ']
21:15:24.419  INFO  manager.MyListener - WebDriver start find element -->By.cssSelector: button[type='submit']
21:15:24.433  INFO  manager.MyListener - WebDriver found element by locator -->By.cssSelector: button[type='submit']
21:15:24.473  INFO  manager.MyListener - WebDriver start find element -->By.cssSelector: button[type='submit']
21:15:24.484  INFO  manager.MyListener - WebDriver found element by locator -->By.cssSelector: button[type='submit']
21:15:27.123  INFO  manager.MyListener - WebDriver start find element -->By.cssSelector: a[href='/search']
21:15:27.131  INFO  manager.MyListener - WebDriver found element by locator -->By.cssSelector: a[href='/search']
21:15:27.381  INFO  manager.HelperBase - Start method with name --> searchPeriodPast
21:15:27.382  INFO  manager.MyListener - WebDriver start find element -->By.id: city
21:15:27.395  INFO  manager.MyListener - WebDriver found element by locator -->By.id: city
21:15:28.375  INFO  manager.MyListener - WebDriver start find element -->By.cssSelector: .pac-item
21:15:28.384  INFO  manager.MyListener - WebDriver found element by locator -->By.cssSelector: .pac-item
21:15:29.107  INFO  manager.MyListener - WebDriver start find element -->By.id: dates
21:15:29.119  INFO  manager.MyListener - WebDriver found element by locator -->By.id: dates
21:15:29.147  INFO  manager.MyListener - WebDriver start find element -->By.id: dates
21:15:29.161  INFO  manager.MyListener - WebDriver found element by locator -->By.id: dates
21:15:29.505  INFO  manager.MyListener - WebDriver start find element -->By.cssSelector: .cdk-overlay-container
21:15:29.518  INFO  manager.MyListener - WebDriver found element by locator -->By.cssSelector: .cdk-overlay-container
21:15:29.746  INFO  manager.MyListener - WebDriver start find element -->By.cssSelector: button[type='submit']
21:15:29.761  INFO  manager.MyListener - WebDriver found element by locator -->By.cssSelector: button[type='submit']
21:15:30.488  INFO  manager.MyListener - WebDriver start find element -->By.cssSelector: [type=submit]
21:15:30.499  INFO  manager.MyListener - WebDriver found element by locator -->By.cssSelector: [type=submit]
21:15:30.504  INFO  manager.MyListener - WebDriver start find element -->By.cssSelector: div.error div:first-child
21:15:30.514  INFO  manager.MyListener - WebDriver found element by locator -->By.cssSelector: div.error div:first-child
You can't pick date before today
21:15:30.524  INFO  manager.MyListener - WebDriver start find element -->By.cssSelector: div.error div:first-child
21:15:30.533  INFO  manager.MyListener - WebDriver found element by locator -->By.cssSelector: div.error div:first-child
21:15:30.849  INFO  manager.MyListener - WebDriver start find element -->By.cssSelector: a[href='/search']
21:15:30.857  INFO  manager.MyListener - WebDriver found element by locator -->By.cssSelector: a[href='/search']
]]></system-out>
  <system-err><![CDATA[1659204898495	Marionette	WARN	TimedPromise timed out after 500 ms: stacktrace:
TimedPromise/<@chrome://remote/content/marionette/sync.js:237:24
TimedPromise@chrome://remote/content/marionette/sync.js:222:10
interaction.flushEventLoop@chrome://remote/content/marionette/interaction.js:431:10
webdriverClickElement@chrome://remote/content/marionette/interaction.js:179:31
console.warn: LoginRecipes: "getRecipes: falling back to a synchronous message for:" "https://ilcarro-1578153671498.web.app"
JavaScript error: resource://gre/modules/LoginManagerParent.jsm, line 136: TypeError: gRecipeManager is null
console.warn: LoginRecipes: "getRecipes: falling back to a synchronous message for:" "https://ilcarro-1578153671498.web.app"
JavaScript error: resource://gre/modules/LoginManagerParent.jsm, line 136: TypeError: gRecipeManager is null
1659204906557	Marionette	WARN	TimedPromise timed out after 500 ms: stacktrace:
TimedPromise/<@chrome://remote/content/marionette/sync.js:237:24
TimedPromise@chrome://remote/content/marionette/sync.js:222:10
interaction.flushEventLoop@chrome://remote/content/marionette/interaction.js:431:10
webdriverClickElement@chrome://remote/content/marionette/interaction.js:179:31
console.warn: LoginRecipes: "getRecipes: falling back to a synchronous message for:" "https://ilcarro-1578153671498.web.app"
JavaScript error: resource://gre/modules/LoginManagerParent.jsm, line 136: TypeError: gRecipeManager is null
console.warn: LoginRecipes: "getRecipes: falling back to a synchronous message for:" "https://ilcarro-1578153671498.web.app"
JavaScript error: resource://gre/modules/LoginManagerParent.jsm, line 136: TypeError: gRecipeManager is null
1659204910599	Marionette	WARN	TimedPromise timed out after 500 ms: stacktrace:
TimedPromise/<@chrome://remote/content/marionette/sync.js:237:24
TimedPromise@chrome://remote/content/marionette/sync.js:222:10
interaction.flushEventLoop@chrome://remote/content/marionette/interaction.js:431:10
webdriverClickElement@chrome://remote/content/marionette/interaction.js:179:31
console.warn: LoginRecipes: "getRecipes: falling back to a synchronous message for:" "https://ilcarro-1578153671498.web.app"
JavaScript error: resource://gre/modules/LoginManagerParent.jsm, line 136: TypeError: gRecipeManager is null
console.warn: LoginRecipes: "getRecipes: falling back to a synchronous message for:" "https://ilcarro-1578153671498.web.app"
JavaScript error: resource://gre/modules/LoginManagerParent.jsm, line 136: TypeError: gRecipeManager is null
1659204917114	Marionette	WARN	TimedPromise timed out after 500 ms: stacktrace:
TimedPromise/<@chrome://remote/content/marionette/sync.js:237:24
TimedPromise@chrome://remote/content/marionette/sync.js:222:10
interaction.flushEventLoop@chrome://remote/content/marionette/interaction.js:431:10
webdriverClickElement@chrome://remote/content/marionette/interaction.js:179:31
console.warn: LoginRecipes: "getRecipes: falling back to a synchronous message for:" "https://ilcarro-1578153671498.web.app"
JavaScript error: resource://gre/modules/LoginManagerParent.jsm, line 136: TypeError: gRecipeManager is null
console.warn: LoginRecipes: "getRecipes: falling back to a synchronous message for:" "https://ilcarro-1578153671498.web.app"
JavaScript error: resource://gre/modules/LoginManagerParent.jsm, line 136: TypeError: gRecipeManager is null
1659204923134	Marionette	WARN	TimedPromise timed out after 500 ms: stacktrace:
TimedPromise/<@chrome://remote/content/marionette/sync.js:237:24
TimedPromise@chrome://remote/content/marionette/sync.js:222:10
interaction.flushEventLoop@chrome://remote/content/marionette/interaction.js:431:10
webdriverClickElement@chrome://remote/content/marionette/interaction.js:179:31
console.warn: LoginRecipes: "getRecipes: falling back to a synchronous message for:" "https://ilcarro-1578153671498.web.app"
JavaScript error: resource://gre/modules/LoginManagerParent.jsm, line 136: TypeError: gRecipeManager is null
console.warn: LoginRecipes: "getRecipes: falling back to a synchronous message for:" "https://ilcarro-1578153671498.web.app"
JavaScript error: resource://gre/modules/LoginManagerParent.jsm, line 136: TypeError: gRecipeManager is null
1659204928903	Marionette	WARN	TimedPromise timed out after 500 ms: stacktrace:
TimedPromise/<@chrome://remote/content/marionette/sync.js:237:24
TimedPromise@chrome://remote/content/marionette/sync.js:222:10
interaction.flushEventLoop@chrome://remote/content/marionette/interaction.js:431:10
webdriverClickElement@chrome://remote/content/marionette/interaction.js:179:31
1659204930271	Marionette	WARN	TimedPromise timed out after 500 ms: stacktrace:
TimedPromise/<@chrome://remote/content/marionette/sync.js:237:24
TimedPromise@chrome://remote/content/marionette/sync.js:222:10
interaction.flushEventLoop@chrome://remote/content/marionette/interaction.js:431:10
webdriverClickElement@chrome://remote/content/marionette/interaction.js:179:31
]]></system-err>
</testsuite>
