<?xml version="1.0" encoding="UTF-8"?>
<testsuite name="tests.RegistrationTests" tests="4" skipped="0" failures="0" errors="0" timestamp="2022-07-30T18:14:28" hostname="DESKTOP-31QDJF0" time="18.335">
  <properties/>
  <testcase name="registrationSuccess" classname="tests.RegistrationTests" time="6.044"/>
  <testcase name="registrationSuccess1[0](User{name='One', lastName='Dow', email='onedow@gmail.com', password='Three1234$', phoneNumber='null'})" classname="tests.RegistrationTests" time="4.073"/>
  <testcase name="registrationSuccess1[1](User{name='Anna', lastName='Fox', email='annfox@gmail.com', password='AFox12345$', phoneNumber='null'})" classname="tests.RegistrationTests" time="4.094"/>
  <testcase name="registrationWrongPasswordFormatAndSize" classname="tests.RegistrationTests" time="1.801"/>
  <system-out><![CDATA[21:14:28.015  INFO  manager.HelperBase - Start method with name --> registrationSuccess
21:14:28.027  INFO  manager.MyListener - WebDriver start find element -->By.xpath: //a[text()=' Logout ']
21:14:28.036  INFO  manager.MyListener - WebDriver found element by locator -->By.xpath: //a[text()=' Logout ']
21:14:28.298  INFO  manager.MyListener - WebDriver start find element -->By.xpath: //*[@href='/registration?url=%2Fsearch']
21:14:28.308  INFO  manager.MyListener - WebDriver found element by locator -->By.xpath: //*[@href='/registration?url=%2Fsearch']
21:14:28.574  INFO  manager.MyListener - WebDriver start find element -->By.id: name
21:14:28.583  INFO  manager.MyListener - WebDriver found element by locator -->By.id: name
21:14:28.842  INFO  manager.MyListener - WebDriver start find element -->By.id: lastName
21:14:28.857  INFO  manager.MyListener - WebDriver found element by locator -->By.id: lastName
21:14:29.120  INFO  manager.MyListener - WebDriver start find element -->By.id: email
21:14:29.132  INFO  manager.MyListener - WebDriver found element by locator -->By.id: email
21:14:29.403  INFO  manager.MyListener - WebDriver start find element -->By.id: password
21:14:29.413  INFO  manager.MyListener - WebDriver found element by locator -->By.id: password
21:14:29.680  INFO  manager.MyListener - WebDriver start find element -->By.cssSelector: label[for='terms-of-use']
21:14:29.689  INFO  manager.MyListener - WebDriver found element by locator -->By.cssSelector: label[for='terms-of-use']
21:14:30.069  INFO  manager.MyListener - WebDriver start find element -->By.cssSelector: button[type='submit']
21:14:30.084  INFO  manager.MyListener - WebDriver found element by locator -->By.cssSelector: button[type='submit']
21:14:30.126  INFO  manager.MyListener - WebDriver start find element -->By.cssSelector: button[type='submit']
21:14:30.138  INFO  manager.MyListener - WebDriver found element by locator -->By.cssSelector: button[type='submit']
21:14:30.380  INFO  manager.HelperBase - Registration was succssesful with data --->User{name='Test868', lastName='Test868', email='tets868@gmail.com', password='Ttest868$', phoneNumber='null'}
21:14:32.382  INFO  manager.MyListener - WebDriver start find element -->By.cssSelector: div.dialog-container
21:14:34.296  INFO  manager.MyListener - WebDriver found element by locator -->By.cssSelector: div.dialog-container
21:14:34.321  INFO  manager.MyListener - WebDriver start find element -->By.cssSelector: div.dialog-container h1
21:14:34.330  INFO  manager.MyListener - WebDriver found element by locator -->By.cssSelector: div.dialog-container h1
21:14:34.348  INFO  manager.MyListener - WebDriver start find element -->By.xpath: //button[text()='Ok']
21:14:34.357  INFO  manager.MyListener - WebDriver found element by locator -->By.xpath: //button[text()='Ok']
21:14:34.584  INFO  manager.MyListener - WebDriver start find element -->By.cssSelector: a[href='/search']
21:14:34.592  INFO  manager.MyListener - WebDriver found element by locator -->By.cssSelector: a[href='/search']
21:14:34.821  INFO  manager.HelperBase - Start method with name --> registrationSuccess1
21:14:34.835  INFO  manager.MyListener - WebDriver start find element -->By.xpath: //a[text()=' Logout ']
21:14:34.845  INFO  manager.MyListener - WebDriver found element by locator -->By.xpath: //a[text()=' Logout ']
21:14:35.111  INFO  manager.MyListener - WebDriver start find element -->By.xpath: //*[@href='/registration?url=%2Fsearch']
21:14:35.125  INFO  manager.MyListener - WebDriver found element by locator -->By.xpath: //*[@href='/registration?url=%2Fsearch']
21:14:35.378  INFO  manager.MyListener - WebDriver start find element -->By.id: name
21:14:35.391  INFO  manager.MyListener - WebDriver found element by locator -->By.id: name
21:14:35.637  INFO  manager.MyListener - WebDriver start find element -->By.id: lastName
21:14:35.651  INFO  manager.MyListener - WebDriver found element by locator -->By.id: lastName
21:14:35.913  INFO  manager.MyListener - WebDriver start find element -->By.id: email
21:14:35.923  INFO  manager.MyListener - WebDriver found element by locator -->By.id: email
21:14:36.188  INFO  manager.MyListener - WebDriver start find element -->By.id: password
21:14:36.198  INFO  manager.MyListener - WebDriver found element by locator -->By.id: password
21:14:36.462  INFO  manager.MyListener - WebDriver start find element -->By.cssSelector: label[for='terms-of-use']
21:14:36.474  INFO  manager.MyListener - WebDriver found element by locator -->By.cssSelector: label[for='terms-of-use']
21:14:36.840  INFO  manager.MyListener - WebDriver start find element -->By.cssSelector: button[type='submit']
21:14:36.856  INFO  manager.MyListener - WebDriver found element by locator -->By.cssSelector: button[type='submit']
21:14:36.888  INFO  manager.MyListener - WebDriver start find element -->By.cssSelector: button[type='submit']
21:14:36.897  INFO  manager.MyListener - WebDriver found element by locator -->By.cssSelector: button[type='submit']
21:14:39.123  INFO  manager.MyListener - WebDriver start find element -->By.cssSelector: div.dialog-container
21:14:39.137  INFO  manager.MyListener - WebDriver found element by locator -->By.cssSelector: div.dialog-container
21:14:39.167  INFO  manager.MyListener - WebDriver start find element -->By.cssSelector: div.dialog-container h1
21:14:39.176  INFO  manager.MyListener - WebDriver found element by locator -->By.cssSelector: div.dialog-container h1
21:14:39.193  INFO  manager.MyListener - WebDriver start find element -->By.xpath: //button[text()='Ok']
21:14:39.201  INFO  manager.MyListener - WebDriver found element by locator -->By.xpath: //button[text()='Ok']
21:14:39.423  INFO  manager.MyListener - WebDriver start find element -->By.cssSelector: a[href='/search']
21:14:39.433  INFO  manager.MyListener - WebDriver found element by locator -->By.cssSelector: a[href='/search']
21:14:39.657  INFO  manager.HelperBase - Start method with name --> registrationSuccess1
21:14:39.671  INFO  manager.MyListener - WebDriver start find element -->By.xpath: //a[text()=' Logout ']
21:14:39.683  INFO  manager.MyListener - WebDriver found element by locator -->By.xpath: //a[text()=' Logout ']
21:14:39.949  INFO  manager.MyListener - WebDriver start find element -->By.xpath: //*[@href='/registration?url=%2Fsearch']
21:14:39.959  INFO  manager.MyListener - WebDriver found element by locator -->By.xpath: //*[@href='/registration?url=%2Fsearch']
21:14:40.218  INFO  manager.MyListener - WebDriver start find element -->By.id: name
21:14:40.230  INFO  manager.MyListener - WebDriver found element by locator -->By.id: name
21:14:40.479  INFO  manager.MyListener - WebDriver start find element -->By.id: lastName
21:14:40.492  INFO  manager.MyListener - WebDriver found element by locator -->By.id: lastName
21:14:40.741  INFO  manager.MyListener - WebDriver start find element -->By.id: email
21:14:40.755  INFO  manager.MyListener - WebDriver found element by locator -->By.id: email
21:14:41.031  INFO  manager.MyListener - WebDriver start find element -->By.id: password
21:14:41.044  INFO  manager.MyListener - WebDriver found element by locator -->By.id: password
21:14:41.296  INFO  manager.MyListener - WebDriver start find element -->By.cssSelector: label[for='terms-of-use']
21:14:41.309  INFO  manager.MyListener - WebDriver found element by locator -->By.cssSelector: label[for='terms-of-use']
21:14:41.676  INFO  manager.MyListener - WebDriver start find element -->By.cssSelector: button[type='submit']
21:14:41.690  INFO  manager.MyListener - WebDriver found element by locator -->By.cssSelector: button[type='submit']
21:14:41.722  INFO  manager.MyListener - WebDriver start find element -->By.cssSelector: button[type='submit']
21:14:41.732  INFO  manager.MyListener - WebDriver found element by locator -->By.cssSelector: button[type='submit']
21:14:43.970  INFO  manager.MyListener - WebDriver start find element -->By.cssSelector: div.dialog-container
21:14:43.986  INFO  manager.MyListener - WebDriver found element by locator -->By.cssSelector: div.dialog-container
21:14:44.019  INFO  manager.MyListener - WebDriver start find element -->By.cssSelector: div.dialog-container h1
21:14:44.032  INFO  manager.MyListener - WebDriver found element by locator -->By.cssSelector: div.dialog-container h1
21:14:44.054  INFO  manager.MyListener - WebDriver start find element -->By.xpath: //button[text()='Ok']
21:14:44.063  INFO  manager.MyListener - WebDriver found element by locator -->By.xpath: //button[text()='Ok']
21:14:44.287  INFO  manager.MyListener - WebDriver start find element -->By.cssSelector: a[href='/search']
21:14:44.300  INFO  manager.MyListener - WebDriver found element by locator -->By.cssSelector: a[href='/search']
21:14:44.538  INFO  manager.HelperBase - Start method with name --> registrationWrongPasswordFormatAndSize
21:14:44.553  INFO  manager.MyListener - WebDriver start find element -->By.xpath: //a[text()=' Logout ']
21:14:44.565  INFO  manager.MyListener - WebDriver found element by locator -->By.xpath: //a[text()=' Logout ']
21:14:44.830  INFO  manager.HelperBase - Registration was unsuccssesful with data --->User{name='Snow', lastName='White', email='snowwhite@gmail.com', password='SNow', phoneNumber='null'}
21:14:44.831  INFO  manager.MyListener - WebDriver start find element -->By.xpath: //*[@href='/registration?url=%2Fsearch']
21:14:44.843  INFO  manager.MyListener - WebDriver found element by locator -->By.xpath: //*[@href='/registration?url=%2Fsearch']
21:14:45.093  INFO  manager.MyListener - WebDriver start find element -->By.id: name
21:14:45.104  INFO  manager.MyListener - WebDriver found element by locator -->By.id: name
21:14:45.352  INFO  manager.MyListener - WebDriver start find element -->By.id: lastName
21:14:45.367  INFO  manager.MyListener - WebDriver found element by locator -->By.id: lastName
21:14:45.634  INFO  manager.MyListener - WebDriver start find element -->By.id: email
21:14:45.647  INFO  manager.MyListener - WebDriver found element by locator -->By.id: email
21:14:45.923  INFO  manager.MyListener - WebDriver start find element -->By.id: password
21:14:45.936  INFO  manager.MyListener - WebDriver found element by locator -->By.id: password
21:14:46.174  INFO  manager.MyListener - WebDriver start find element -->By.cssSelector: label[for='terms-of-use']
21:14:46.185  INFO  manager.MyListener - WebDriver found element by locator -->By.cssSelector: label[for='terms-of-use']
21:14:46.539  INFO  manager.MyListener - WebDriver start find element -->By.cssSelector: div.error div:first-child
21:14:46.559  INFO  manager.MyListener - WebDriver found element by locator -->By.cssSelector: div.error div:first-child
Password must contain minimum 8 symbols
21:14:46.567  INFO  manager.MyListener - WebDriver start find element -->By.cssSelector: div.error div:first-child
21:14:46.574  INFO  manager.MyListener - WebDriver found element by locator -->By.cssSelector: div.error div:first-child
21:14:46.581  INFO  manager.MyListener - WebDriver start find element -->By.cssSelector: div.error div:last-child
21:14:46.588  INFO  manager.MyListener - WebDriver found element by locator -->By.cssSelector: div.error div:last-child
Password must contain 1 uppercase letter, 1 lowercase letter and one number
21:14:46.594  INFO  manager.MyListener - WebDriver start find element -->By.cssSelector: div.error div:last-child
21:14:46.601  INFO  manager.MyListener - WebDriver found element by locator -->By.cssSelector: div.error div:last-child
21:14:46.618  INFO  manager.MyListener - WebDriver start find element -->By.cssSelector: [type=submit]
21:14:46.626  INFO  manager.MyListener - WebDriver found element by locator -->By.cssSelector: [type=submit]
21:14:56.651  INFO  manager.MyListener - WebDriver start find element -->By.cssSelector: a[href='/search']
21:14:56.663  INFO  manager.MyListener - WebDriver found element by locator -->By.cssSelector: a[href='/search']
]]></system-out>
  <system-err><![CDATA[console.warn: LoginRecipes: "getRecipes: falling back to a synchronous message for:" "https://ilcarro-1578153671498.web.app"
JavaScript error: resource://gre/modules/LoginManagerParent.jsm, line 136: TypeError: gRecipeManager is null
console.warn: LoginRecipes: "getRecipes: falling back to a synchronous message for:" "https://ilcarro-1578153671498.web.app"
JavaScript error: resource://gre/modules/LoginManagerParent.jsm, line 136: TypeError: gRecipeManager is null
console.warn: LoginRecipes: "getRecipes: falling back to a synchronous message for:" "https://ilcarro-1578153671498.web.app"
JavaScript error: resource://gre/modules/LoginManagerParent.jsm, line 136: TypeError: gRecipeManager is null
console.warn: LoginRecipes: "getRecipes: falling back to a synchronous message for:" "https://ilcarro-1578153671498.web.app"
JavaScript error: resource://gre/modules/LoginManagerParent.jsm, line 136: TypeError: gRecipeManager is null
console.warn: LoginRecipes: "getRecipes: falling back to a synchronous message for:" "https://ilcarro-1578153671498.web.app"
JavaScript error: resource://gre/modules/LoginManagerParent.jsm, line 136: TypeError: gRecipeManager is null
console.warn: LoginRecipes: "getRecipes: falling back to a synchronous message for:" "https://ilcarro-1578153671498.web.app"
JavaScript error: resource://gre/modules/LoginManagerParent.jsm, line 136: TypeError: gRecipeManager is null
]]></system-err>
</testsuite>
