<?xml version="1.0" encoding="UTF-8"?>
<testsuite name="tests.SearchTest" tests="1" skipped="0" failures="0" errors="0" timestamp="2022-07-17T17:40:48" hostname="LAPTOP-60KTD0SH" time="3.08">
  <properties/>
  <testcase name="searchCurrentMonth" classname="tests.SearchTest" time="3.08"/>
  <system-out><![CDATA[20:40:48.860  INFO  manager.HelperBase - Start method with name --> searchCurrentMonth
20:40:48.865  INFO  manager.MyListener - WebDriver start find element -->By.id: city
20:40:48.890  INFO  manager.MyListener - WebDriver found element by locator -->By.id: city
20:40:49.188  INFO  manager.MyListener - WebDriver start find element -->By.cssSelector: .pac-item
20:40:49.541  INFO  manager.MyListener - WebDriver found element by locator -->By.cssSelector: .pac-item
20:40:50.785  INFO  manager.MyListener - WebDriver start find element -->By.id: dates
20:40:50.801  INFO  manager.MyListener - WebDriver found element by locator -->By.id: dates
20:40:51.074  INFO  manager.MyListener - WebDriver start find element -->By.xpath: //div[text()=' 28 ']
20:40:51.088  INFO  manager.MyListener - WebDriver found element by locator -->By.xpath: //div[text()=' 28 ']
20:40:51.324  INFO  manager.MyListener - WebDriver start find element -->By.xpath: //div[text()=' 27 ']
20:40:51.338  INFO  manager.MyListener - WebDriver found element by locator -->By.xpath: //div[text()=' 27 ']
20:40:51.587  INFO  manager.MyListener - WebDriver start find element -->By.cssSelector: button[type='submit']
20:40:51.602  INFO  manager.MyListener - WebDriver found element by locator -->By.cssSelector: button[type='submit']
20:40:51.640  INFO  manager.MyListener - WebDriver start find element -->By.cssSelector: button[type='submit']
20:40:51.654  INFO  manager.MyListener - WebDriver found element by locator -->By.cssSelector: button[type='submit']
]]></system-out>
  <system-err><![CDATA[1658079650057	Marionette	WARN	TimedPromise timed out after 500 ms: stacktrace:
TimedPromise/<@chrome://remote/content/marionette/sync.js:234:19
TimedPromise@chrome://remote/content/marionette/sync.js:219:10
interaction.flushEventLoop@chrome://remote/content/marionette/interaction.js:431:10
webdriverClickElement@chrome://remote/content/marionette/interaction.js:179:31
console.warn: LoginRecipes: "getRecipes: falling back to a synchronous message for:" "https://ilcarro-1578153671498.web.app"
]]></system-err>
</testsuite>
