<?xml version="1.0" encoding="UTF-8"?>
<testsuite name="tests.LoginTests" tests="1" skipped="0" failures="0" errors="0" timestamp="2022-07-04T18:29:27" hostname="LAPTOP-60KTD0SH" time="1.219">
  <properties/>
  <testcase name="successLogin" classname="tests.LoginTests" time="1.219"/>
  <system-out><![CDATA[]]></system-out>
  <system-err><![CDATA[console.warn: LoginRecipes: "getRecipes: falling back to a synchronous message for:" "https://ilcarro-1578153671498.web.app"
]]></system-err>
</testsuite>
