<?xml version="1.0" encoding="UTF-8"?>
<testsuite name="tests.AddNewCar" tests="3" skipped="0" failures="0" errors="0" timestamp="2022-07-30T18:13:06" hostname="DESKTOP-31QDJF0" time="35.919">
  <properties/>
  <testcase name="addNewCarSuccess" classname="tests.AddNewCar" time="12.146"/>
  <testcase name="addNewCarSuccessFromCSV[0](Car(address=Haifa, Israel, make=Lexus, model=MX5, year=2020, engine=2.0, fuel=Petrol, gear=AT, wD=AWD, doors=4, seats=5, carClass=B, fuelConsumption=5.5, carRegNumber=22-111-5556, price=70, distanceIncluded=900, features=type of features, about=the best car))" classname="tests.AddNewCar" time="11.986"/>
  <testcase name="addNewCarSuccessFromCSV[1](Car(address=Tel Aviv, Israel, make=Tesla, model=M6, year=2022, engine=2.0, fuel=Petrol, gear=AT, wD=AWD, doors=4, seats=5, carClass=B, fuelConsumption=5.5, carRegNumber=22-222-5557, price=70, distanceIncluded=900, features=type of features, about=the good one))" classname="tests.AddNewCar" time="11.279"/>
  <system-out><![CDATA[21:12:53.954  INFO  manager.HelperBase - Start method with name --> addNewCarSuccess
21:13:03.993  INFO  manager.MyListener - WebDriver start find element -->By.xpath: //*[@href='/login?url=%2Fsearch']
21:13:04.032  INFO  manager.MyListener - WebDriver found element by locator -->By.xpath: //*[@href='/login?url=%2Fsearch']
21:13:04.327  INFO  manager.MyListener - WebDriver start find element -->By.xpath: //*[@id='email']
21:13:04.353  INFO  manager.MyListener - WebDriver found element by locator -->By.xpath: //*[@id='email']
21:13:04.655  INFO  manager.MyListener - WebDriver start find element -->By.xpath: //*[@id='password']
21:13:04.683  INFO  manager.MyListener - WebDriver found element by locator -->By.xpath: //*[@id='password']
21:13:05.269  INFO  manager.MyListener - WebDriver start find element -->By.cssSelector: button[type='submit']
21:13:05.295  INFO  manager.MyListener - WebDriver found element by locator -->By.cssSelector: button[type='submit']
21:13:05.351  INFO  manager.MyListener - WebDriver start find element -->By.cssSelector: button[type='submit']
21:13:05.366  INFO  manager.MyListener - WebDriver found element by locator -->By.cssSelector: button[type='submit']
21:13:06.146  INFO  manager.MyListener - WebDriver start find element -->By.xpath: //button[text()='Ok']
21:13:06.167  INFO  manager.MyListener - WebDriver found element by locator -->By.xpath: //button[text()='Ok']
21:13:07.401  INFO  manager.MyListener - WebDriver start find element -->By.id: 1
21:13:07.426  INFO  manager.MyListener - WebDriver found element by locator -->By.id: 1
21:13:07.731  INFO  manager.MyListener - WebDriver start find element -->By.id: pickUpPlace
21:13:07.758  INFO  manager.MyListener - WebDriver found element by locator -->By.id: pickUpPlace
21:13:08.045  INFO  manager.MyListener - WebDriver start find element -->By.cssSelector: div.pac-item
21:13:08.437  INFO  manager.MyListener - WebDriver found element by locator -->By.cssSelector: div.pac-item
21:13:10.168  INFO  manager.MyListener - WebDriver start find element -->By.id: make
21:13:10.193  INFO  manager.MyListener - WebDriver found element by locator -->By.id: make
21:13:10.444  INFO  manager.MyListener - WebDriver start find element -->By.id: model
21:13:10.464  INFO  manager.MyListener - WebDriver found element by locator -->By.id: model
21:13:10.709  INFO  manager.MyListener - WebDriver start find element -->By.id: year
21:13:10.732  INFO  manager.MyListener - WebDriver found element by locator -->By.id: year
21:13:10.994  INFO  manager.MyListener - WebDriver start find element -->By.id: engine
21:13:11.017  INFO  manager.MyListener - WebDriver found element by locator -->By.id: engine
21:13:11.278  INFO  manager.MyListener - WebDriver start find element -->By.id: fuel
21:13:11.300  INFO  manager.MyListener - WebDriver found element by locator -->By.id: fuel
21:13:11.552  INFO  manager.MyListener - WebDriver start find element -->By.id: gear
21:13:11.577  INFO  manager.MyListener - WebDriver found element by locator -->By.id: gear
21:13:11.833  INFO  manager.MyListener - WebDriver start find element -->By.id: wheelsDrive
21:13:11.857  INFO  manager.MyListener - WebDriver found element by locator -->By.id: wheelsDrive
21:13:12.115  INFO  manager.MyListener - WebDriver start find element -->By.id: doors
21:13:12.138  INFO  manager.MyListener - WebDriver found element by locator -->By.id: doors
21:13:12.385  INFO  manager.MyListener - WebDriver start find element -->By.id: seats
21:13:12.408  INFO  manager.MyListener - WebDriver found element by locator -->By.id: seats
21:13:12.653  INFO  manager.MyListener - WebDriver start find element -->By.id: class
21:13:12.675  INFO  manager.MyListener - WebDriver found element by locator -->By.id: class
21:13:12.917  INFO  manager.MyListener - WebDriver start find element -->By.id: fuelConsumption
21:13:12.939  INFO  manager.MyListener - WebDriver found element by locator -->By.id: fuelConsumption
21:13:13.192  INFO  manager.MyListener - WebDriver start find element -->By.id: serialNumber
21:13:13.213  INFO  manager.MyListener - WebDriver found element by locator -->By.id: serialNumber
21:13:13.483  INFO  manager.MyListener - WebDriver start find element -->By.id: price
21:13:13.502  INFO  manager.MyListener - WebDriver found element by locator -->By.id: price
21:13:13.746  INFO  manager.MyListener - WebDriver start find element -->By.id: distance
21:13:13.765  INFO  manager.MyListener - WebDriver found element by locator -->By.id: distance
21:13:14.015  INFO  manager.MyListener - WebDriver start find element -->By.cssSelector: input[placeholder='Type feature']
21:13:14.036  INFO  manager.MyListener - WebDriver found element by locator -->By.cssSelector: input[placeholder='Type feature']
21:13:14.289  INFO  manager.MyListener - WebDriver start find element -->By.id: about
21:13:14.311  INFO  manager.MyListener - WebDriver found element by locator -->By.id: about
21:13:14.572  INFO  manager.MyListener - WebDriver start find element -->By.id: photos
21:13:14.586  INFO  manager.MyListener - WebDriver found element by locator -->By.id: photos
21:13:15.617  INFO  manager.MyListener - WebDriver start find element -->By.cssSelector: button[type='submit']
21:13:15.637  INFO  manager.MyListener - WebDriver found element by locator -->By.cssSelector: button[type='submit']
21:13:16.213  INFO  manager.MyListener - WebDriver start find element -->By.cssSelector: button[type='submit']
21:13:16.226  INFO  manager.MyListener - WebDriver found element by locator -->By.cssSelector: button[type='submit']
21:13:18.459  INFO  manager.MyListener - WebDriver start find element -->By.cssSelector: div.dialog-container
21:13:18.478  INFO  manager.MyListener - WebDriver found element by locator -->By.cssSelector: div.dialog-container
21:13:18.510  INFO  manager.MyListener - WebDriver start find element -->By.cssSelector: div.dialog-container h1
21:13:18.526  INFO  manager.MyListener - WebDriver found element by locator -->By.cssSelector: div.dialog-container h1
21:13:18.544  INFO  manager.MyListener - WebDriver start find element -->By.xpath: //button[text()='Search cars']
21:13:18.554  INFO  manager.MyListener - WebDriver found element by locator -->By.xpath: //button[text()='Search cars']
21:13:18.780  INFO  manager.HelperBase - Start method with name --> addNewCarSuccessFromCSV
21:13:19.829  INFO  manager.MyListener - WebDriver start find element -->By.id: 1
21:13:19.849  INFO  manager.MyListener - WebDriver found element by locator -->By.id: 1
21:13:20.123  INFO  manager.MyListener - WebDriver start find element -->By.id: pickUpPlace
21:13:20.139  INFO  manager.MyListener - WebDriver found element by locator -->By.id: pickUpPlace
21:13:20.412  INFO  manager.MyListener - WebDriver start find element -->By.cssSelector: div.pac-item
21:13:20.800  INFO  manager.MyListener - WebDriver found element by locator -->By.cssSelector: div.pac-item
21:13:22.530  INFO  manager.MyListener - WebDriver start find element -->By.id: make
21:13:22.551  INFO  manager.MyListener - WebDriver found element by locator -->By.id: make
21:13:22.810  INFO  manager.MyListener - WebDriver start find element -->By.id: model
21:13:22.830  INFO  manager.MyListener - WebDriver found element by locator -->By.id: model
21:13:23.089  INFO  manager.MyListener - WebDriver start find element -->By.id: year
21:13:23.110  INFO  manager.MyListener - WebDriver found element by locator -->By.id: year
21:13:23.371  INFO  manager.MyListener - WebDriver start find element -->By.id: engine
21:13:23.389  INFO  manager.MyListener - WebDriver found element by locator -->By.id: engine
21:13:23.631  INFO  manager.MyListener - WebDriver start find element -->By.id: fuel
21:13:23.651  INFO  manager.MyListener - WebDriver found element by locator -->By.id: fuel
21:13:23.901  INFO  manager.MyListener - WebDriver start find element -->By.id: gear
21:13:23.923  INFO  manager.MyListener - WebDriver found element by locator -->By.id: gear
21:13:24.180  INFO  manager.MyListener - WebDriver start find element -->By.id: wheelsDrive
21:13:24.201  INFO  manager.MyListener - WebDriver found element by locator -->By.id: wheelsDrive
21:13:24.462  INFO  manager.MyListener - WebDriver start find element -->By.id: doors
21:13:24.482  INFO  manager.MyListener - WebDriver found element by locator -->By.id: doors
21:13:24.711  INFO  manager.MyListener - WebDriver start find element -->By.id: seats
21:13:24.723  INFO  manager.MyListener - WebDriver found element by locator -->By.id: seats
21:13:24.967  INFO  manager.MyListener - WebDriver start find element -->By.id: class
21:13:24.988  INFO  manager.MyListener - WebDriver found element by locator -->By.id: class
21:13:25.227  INFO  manager.MyListener - WebDriver start find element -->By.id: fuelConsumption
21:13:25.240  INFO  manager.MyListener - WebDriver found element by locator -->By.id: fuelConsumption
21:13:25.481  INFO  manager.MyListener - WebDriver start find element -->By.id: serialNumber
21:13:25.496  INFO  manager.MyListener - WebDriver found element by locator -->By.id: serialNumber
21:13:25.759  INFO  manager.MyListener - WebDriver start find element -->By.id: price
21:13:25.774  INFO  manager.MyListener - WebDriver found element by locator -->By.id: price
21:13:26.012  INFO  manager.MyListener - WebDriver start find element -->By.id: distance
21:13:26.028  INFO  manager.MyListener - WebDriver found element by locator -->By.id: distance
21:13:26.271  INFO  manager.MyListener - WebDriver start find element -->By.cssSelector: input[placeholder='Type feature']
21:13:26.286  INFO  manager.MyListener - WebDriver found element by locator -->By.cssSelector: input[placeholder='Type feature']
21:13:26.537  INFO  manager.MyListener - WebDriver start find element -->By.id: about
21:13:26.551  INFO  manager.MyListener - WebDriver found element by locator -->By.id: about
21:13:26.816  INFO  manager.MyListener - WebDriver start find element -->By.id: photos
21:13:26.830  INFO  manager.MyListener - WebDriver found element by locator -->By.id: photos
21:13:27.862  INFO  manager.MyListener - WebDriver start find element -->By.cssSelector: button[type='submit']
21:13:27.882  INFO  manager.MyListener - WebDriver found element by locator -->By.cssSelector: button[type='submit']
21:13:28.471  INFO  manager.MyListener - WebDriver start find element -->By.cssSelector: button[type='submit']
21:13:28.484  INFO  manager.MyListener - WebDriver found element by locator -->By.cssSelector: button[type='submit']
21:13:30.722  INFO  manager.MyListener - WebDriver start find element -->By.cssSelector: div.dialog-container
21:13:30.736  INFO  manager.MyListener - WebDriver found element by locator -->By.cssSelector: div.dialog-container
21:13:30.763  INFO  manager.MyListener - WebDriver start find element -->By.cssSelector: div.dialog-container h1
21:13:30.774  INFO  manager.MyListener - WebDriver found element by locator -->By.cssSelector: div.dialog-container h1
21:13:30.782  INFO  manager.MyListener - WebDriver start find element -->By.xpath: //button[text()='Search cars']
21:13:30.792  INFO  manager.MyListener - WebDriver found element by locator -->By.xpath: //button[text()='Search cars']
21:13:31.021  INFO  manager.HelperBase - Start method with name --> addNewCarSuccessFromCSV
21:13:32.039  INFO  manager.MyListener - WebDriver start find element -->By.id: 1
21:13:32.053  INFO  manager.MyListener - WebDriver found element by locator -->By.id: 1
21:13:32.307  INFO  manager.MyListener - WebDriver start find element -->By.id: pickUpPlace
21:13:32.326  INFO  manager.MyListener - WebDriver found element by locator -->By.id: pickUpPlace
21:13:32.624  INFO  manager.MyListener - WebDriver start find element -->By.cssSelector: div.pac-item
21:13:32.929  INFO  manager.MyListener - WebDriver found element by locator -->By.cssSelector: div.pac-item
21:13:34.655  INFO  manager.MyListener - WebDriver start find element -->By.id: make
21:13:34.674  INFO  manager.MyListener - WebDriver found element by locator -->By.id: make
21:13:34.917  INFO  manager.MyListener - WebDriver start find element -->By.id: model
21:13:34.935  INFO  manager.MyListener - WebDriver found element by locator -->By.id: model
21:13:35.178  INFO  manager.MyListener - WebDriver start find element -->By.id: year
21:13:35.194  INFO  manager.MyListener - WebDriver found element by locator -->By.id: year
21:13:35.443  INFO  manager.MyListener - WebDriver start find element -->By.id: engine
21:13:35.461  INFO  manager.MyListener - WebDriver found element by locator -->By.id: engine
21:13:35.701  INFO  manager.MyListener - WebDriver start find element -->By.id: fuel
21:13:35.718  INFO  manager.MyListener - WebDriver found element by locator -->By.id: fuel
21:13:35.966  INFO  manager.MyListener - WebDriver start find element -->By.id: gear
21:13:35.983  INFO  manager.MyListener - WebDriver found element by locator -->By.id: gear
21:13:36.233  INFO  manager.MyListener - WebDriver start find element -->By.id: wheelsDrive
21:13:36.247  INFO  manager.MyListener - WebDriver found element by locator -->By.id: wheelsDrive
21:13:36.497  INFO  manager.MyListener - WebDriver start find element -->By.id: doors
21:13:36.515  INFO  manager.MyListener - WebDriver found element by locator -->By.id: doors
21:13:36.757  INFO  manager.MyListener - WebDriver start find element -->By.id: seats
21:13:36.775  INFO  manager.MyListener - WebDriver found element by locator -->By.id: seats
21:13:37.016  INFO  manager.MyListener - WebDriver start find element -->By.id: class
21:13:37.033  INFO  manager.MyListener - WebDriver found element by locator -->By.id: class
21:13:37.273  INFO  manager.MyListener - WebDriver start find element -->By.id: fuelConsumption
21:13:37.291  INFO  manager.MyListener - WebDriver found element by locator -->By.id: fuelConsumption
21:13:37.539  INFO  manager.MyListener - WebDriver start find element -->By.id: serialNumber
21:13:37.557  INFO  manager.MyListener - WebDriver found element by locator -->By.id: serialNumber
21:13:37.820  INFO  manager.MyListener - WebDriver start find element -->By.id: price
21:13:37.837  INFO  manager.MyListener - WebDriver found element by locator -->By.id: price
21:13:38.079  INFO  manager.MyListener - WebDriver start find element -->By.id: distance
21:13:38.095  INFO  manager.MyListener - WebDriver found element by locator -->By.id: distance
21:13:38.338  INFO  manager.MyListener - WebDriver start find element -->By.cssSelector: input[placeholder='Type feature']
21:13:38.355  INFO  manager.MyListener - WebDriver found element by locator -->By.cssSelector: input[placeholder='Type feature']
21:13:38.599  INFO  manager.MyListener - WebDriver start find element -->By.id: about
21:13:38.612  INFO  manager.MyListener - WebDriver found element by locator -->By.id: about
21:13:38.892  INFO  manager.MyListener - WebDriver start find element -->By.id: photos
21:13:38.902  INFO  manager.MyListener - WebDriver found element by locator -->By.id: photos
21:13:39.933  INFO  manager.MyListener - WebDriver start find element -->By.cssSelector: button[type='submit']
21:13:39.950  INFO  manager.MyListener - WebDriver found element by locator -->By.cssSelector: button[type='submit']
21:13:39.989  INFO  manager.MyListener - WebDriver start find element -->By.cssSelector: button[type='submit']
21:13:40.005  INFO  manager.MyListener - WebDriver found element by locator -->By.cssSelector: button[type='submit']
21:13:42.242  INFO  manager.MyListener - WebDriver start find element -->By.cssSelector: div.dialog-container
21:13:42.260  INFO  manager.MyListener - WebDriver found element by locator -->By.cssSelector: div.dialog-container
21:13:42.290  INFO  manager.MyListener - WebDriver start find element -->By.cssSelector: div.dialog-container h1
21:13:42.305  INFO  manager.MyListener - WebDriver found element by locator -->By.cssSelector: div.dialog-container h1
21:13:42.315  INFO  manager.MyListener - WebDriver start find element -->By.xpath: //button[text()='Search cars']
21:13:42.325  INFO  manager.MyListener - WebDriver found element by locator -->By.xpath: //button[text()='Search cars']
]]></system-out>
  <system-err><![CDATA[console.warn: LoginRecipes: "getRecipes: falling back to a synchronous message for:" "https://ilcarro-1578153671498.web.app"
console.warn: LoginRecipes: "getRecipes: falling back to a synchronous message for:" "https://ilcarro-1578153671498.web.app"
JavaScript error: resource://gre/modules/LoginManagerParent.jsm, line 136: TypeError: gRecipeManager is null
console.warn: LoginRecipes: "getRecipes: falling back to a synchronous message for:" "https://ilcarro-1578153671498.web.app"
JavaScript error: resource://gre/modules/LoginManagerParent.jsm, line 136: TypeError: gRecipeManager is null
JavaScript error: resource://gre/modules/XULStore.jsm, line 68: Error: Can't find profile directory.
JavaScript error: resource://gre/modules/XULStore.jsm, line 68: Error: Can't find profile directory.
1659204788953	Marionette	WARN	TimedPromise timed out after 500 ms: stacktrace:
TimedPromise/<@chrome://remote/content/marionette/sync.js:237:24
TimedPromise@chrome://remote/content/marionette/sync.js:222:10
interaction.flushEventLoop@chrome://remote/content/marionette/interaction.js:431:10
webdriverClickElement@chrome://remote/content/marionette/interaction.js:179:31
console.warn: LoginRecipes: "getRecipes: falling back to a synchronous message for:" "https://ilcarro-1578153671498.web.app"
JavaScript error: resource://gre/modules/LoginManagerParent.jsm, line 136: TypeError: gRecipeManager is null
1659204801319	Marionette	WARN	TimedPromise timed out after 500 ms: stacktrace:
TimedPromise/<@chrome://remote/content/marionette/sync.js:237:24
TimedPromise@chrome://remote/content/marionette/sync.js:222:10
interaction.flushEventLoop@chrome://remote/content/marionette/interaction.js:431:10
webdriverClickElement@chrome://remote/content/marionette/interaction.js:179:31
1659204813450	Marionette	WARN	TimedPromise timed out after 500 ms: stacktrace:
TimedPromise/<@chrome://remote/content/marionette/sync.js:237:24
TimedPromise@chrome://remote/content/marionette/sync.js:222:10
interaction.flushEventLoop@chrome://remote/content/marionette/interaction.js:431:10
webdriverClickElement@chrome://remote/content/marionette/interaction.js:179:31
]]></system-err>
</testsuite>
