<?xml version="1.0" encoding="UTF-8"?>
<testsuite name="tests.RegistrationTests" tests="1" skipped="0" failures="0" errors="0" timestamp="2022-07-30T20:03:21" hostname="DESKTOP-31QDJF0" time="4.115">
  <properties/>
  <testcase name="registrationSuccess" classname="tests.RegistrationTests" time="4.115"/>
  <system-out><![CDATA[23:03:21.365  INFO  manager.HelperBase - Start method with name --> registrationSuccess
23:03:21.382  INFO  manager.MyListener - WebDriver start find element -->By.xpath: //a[text()=' Logout ']
23:03:21.397  INFO  manager.MyListener - WebDriver found element by locator -->By.xpath: //a[text()=' Logout ']
23:03:21.651  INFO  manager.MyListener - WebDriver start find element -->By.xpath: //*[@href='/registration?url=%2Fsearch']
23:03:21.667  INFO  manager.MyListener - WebDriver found element by locator -->By.xpath: //*[@href='/registration?url=%2Fsearch']
23:03:21.918  INFO  manager.MyListener - WebDriver start find element -->By.id: name
23:03:21.934  INFO  manager.MyListener - WebDriver found element by locator -->By.id: name
23:03:22.175  INFO  manager.MyListener - WebDriver start find element -->By.id: lastName
23:03:22.191  INFO  manager.MyListener - WebDriver found element by locator -->By.id: lastName
23:03:22.435  INFO  manager.MyListener - WebDriver start find element -->By.id: email
23:03:22.453  INFO  manager.MyListener - WebDriver found element by locator -->By.id: email
23:03:22.712  INFO  manager.MyListener - WebDriver start find element -->By.id: password
23:03:22.729  INFO  manager.MyListener - WebDriver found element by locator -->By.id: password
23:03:22.981  INFO  manager.MyListener - WebDriver start find element -->By.cssSelector: label[for='terms-of-use']
23:03:22.998  INFO  manager.MyListener - WebDriver found element by locator -->By.cssSelector: label[for='terms-of-use']
23:03:23.389  INFO  manager.MyListener - WebDriver start find element -->By.cssSelector: button[type='submit']
23:03:23.407  INFO  manager.MyListener - WebDriver found element by locator -->By.cssSelector: button[type='submit']
23:03:23.439  INFO  manager.MyListener - WebDriver start find element -->By.cssSelector: button[type='submit']
23:03:23.452  INFO  manager.MyListener - WebDriver found element by locator -->By.cssSelector: button[type='submit']
23:03:23.690  INFO  manager.HelperBase - Registration was succssesful with data --->User{name='Test201', lastName='Test201', email='tets201@gmail.com', password='Ttest201$', phoneNumber='null'}
23:03:25.692  INFO  manager.MyListener - WebDriver start find element -->By.cssSelector: div.dialog-container
23:03:25.714  INFO  manager.MyListener - WebDriver found element by locator -->By.cssSelector: div.dialog-container
23:03:25.742  INFO  manager.MyListener - WebDriver start find element -->By.cssSelector: div.dialog-container h1
23:03:25.757  INFO  manager.MyListener - WebDriver found element by locator -->By.cssSelector: div.dialog-container h1
23:03:25.787  INFO  manager.MyListener - WebDriver start find element -->By.xpath: //button[text()='Ok']
23:03:25.801  INFO  manager.MyListener - WebDriver found element by locator -->By.xpath: //button[text()='Ok']
23:03:26.020  INFO  manager.MyListener - WebDriver start find element -->By.cssSelector: a[href='/search']
23:03:26.039  INFO  manager.MyListener - WebDriver found element by locator -->By.cssSelector: a[href='/search']
]]></system-out>
  <system-err><![CDATA[console.warn: LoginRecipes: "getRecipes: falling back to a synchronous message for:" "https://ilcarro-1578153671498.web.app"
JavaScript error: resource://gre/modules/LoginManagerParent.jsm, line 136: TypeError: gRecipeManager is null
console.warn: LoginRecipes: "getRecipes: falling back to a synchronous message for:" "https://ilcarro-1578153671498.web.app"
JavaScript error: resource://gre/modules/LoginManagerParent.jsm, line 136: TypeError: gRecipeManager is null
console.warn: LoginRecipes: "getRecipes: falling back to a synchronous message for:" "https://ilcarro-1578153671498.web.app"
JavaScript error: resource://gre/modules/LoginManagerParent.jsm, line 136: TypeError: gRecipeManager is null
console.warn: LoginRecipes: "getRecipes: falling back to a synchronous message for:" "https://ilcarro-1578153671498.web.app"
JavaScript error: resource://gre/modules/LoginManagerParent.jsm, line 136: TypeError: gRecipeManager is null
]]></system-err>
</testsuite>
