<?xml version="1.0" encoding="UTF-8"?>
<testsuite name="tests.AddNewCar" tests="1" skipped="0" failures="0" errors="0" timestamp="2022-07-30T20:03:26" hostname="DESKTOP-31QDJF0" time="13.685">
  <properties/>
  <testcase name="addNewCarSuccess" classname="tests.AddNewCar" time="13.685"/>
  <system-out><![CDATA[23:03:26.262  INFO  manager.HelperBase - Start method with name --> addNewCarSuccess
23:03:27.292  INFO  manager.MyListener - WebDriver start find element -->By.id: 1
23:03:27.315  INFO  manager.MyListener - WebDriver found element by locator -->By.id: 1
23:03:27.595  INFO  manager.MyListener - WebDriver start find element -->By.id: pickUpPlace
23:03:27.618  INFO  manager.MyListener - WebDriver found element by locator -->By.id: pickUpPlace
23:03:27.914  INFO  manager.MyListener - WebDriver start find element -->By.cssSelector: div.pac-item
23:03:28.344  INFO  manager.MyListener - WebDriver found element by locator -->By.cssSelector: div.pac-item
23:03:30.070  INFO  manager.MyListener - WebDriver start find element -->By.id: make
23:03:30.089  INFO  manager.MyListener - WebDriver found element by locator -->By.id: make
23:03:30.333  INFO  manager.MyListener - WebDriver start find element -->By.id: model
23:03:30.358  INFO  manager.MyListener - WebDriver found element by locator -->By.id: model
23:03:30.613  INFO  manager.MyListener - WebDriver start find element -->By.id: year
23:03:30.635  INFO  manager.MyListener - WebDriver found element by locator -->By.id: year
23:03:30.890  INFO  manager.MyListener - WebDriver start find element -->By.id: engine
23:03:30.909  INFO  manager.MyListener - WebDriver found element by locator -->By.id: engine
23:03:31.148  INFO  manager.MyListener - WebDriver start find element -->By.id: fuel
23:03:31.162  INFO  manager.MyListener - WebDriver found element by locator -->By.id: fuel
23:03:31.406  INFO  manager.MyListener - WebDriver start find element -->By.id: gear
23:03:31.454  INFO  manager.MyListener - WebDriver found element by locator -->By.id: gear
23:03:31.703  INFO  manager.MyListener - WebDriver start find element -->By.id: wheelsDrive
23:03:31.723  INFO  manager.MyListener - WebDriver found element by locator -->By.id: wheelsDrive
23:03:31.974  INFO  manager.MyListener - WebDriver start find element -->By.id: doors
23:03:31.993  INFO  manager.MyListener - WebDriver found element by locator -->By.id: doors
23:03:32.233  INFO  manager.MyListener - WebDriver start find element -->By.id: seats
23:03:32.251  INFO  manager.MyListener - WebDriver found element by locator -->By.id: seats
23:03:32.494  INFO  manager.MyListener - WebDriver start find element -->By.id: class
23:03:32.513  INFO  manager.MyListener - WebDriver found element by locator -->By.id: class
23:03:32.753  INFO  manager.MyListener - WebDriver start find element -->By.id: fuelConsumption
23:03:32.775  INFO  manager.MyListener - WebDriver found element by locator -->By.id: fuelConsumption
23:03:33.027  INFO  manager.MyListener - WebDriver start find element -->By.id: serialNumber
23:03:33.044  INFO  manager.MyListener - WebDriver found element by locator -->By.id: serialNumber
23:03:33.307  INFO  manager.MyListener - WebDriver start find element -->By.id: price
23:03:33.325  INFO  manager.MyListener - WebDriver found element by locator -->By.id: price
23:03:33.564  INFO  manager.MyListener - WebDriver start find element -->By.id: distance
23:03:33.576  INFO  manager.MyListener - WebDriver found element by locator -->By.id: distance
23:03:33.817  INFO  manager.MyListener - WebDriver start find element -->By.cssSelector: input[placeholder='Type feature']
23:03:33.837  INFO  manager.MyListener - WebDriver found element by locator -->By.cssSelector: input[placeholder='Type feature']
23:03:34.078  INFO  manager.MyListener - WebDriver start find element -->By.id: about
23:03:34.090  INFO  manager.MyListener - WebDriver found element by locator -->By.id: about
23:03:34.350  INFO  manager.MyListener - WebDriver start find element -->By.id: photos
23:03:34.367  INFO  manager.MyListener - WebDriver found element by locator -->By.id: photos
23:03:35.409  INFO  manager.MyListener - WebDriver start find element -->By.cssSelector: button[type='submit']
23:03:35.427  INFO  manager.MyListener - WebDriver found element by locator -->By.cssSelector: button[type='submit']
23:03:37.644  INFO  manager.MyListener - WebDriver start find element -->By.cssSelector: button[type='submit']
23:03:37.657  INFO  manager.MyListener - WebDriver found element by locator -->By.cssSelector: button[type='submit']
23:03:39.896  INFO  manager.MyListener - WebDriver start find element -->By.cssSelector: div.dialog-container
23:03:39.914  INFO  manager.MyListener - WebDriver found element by locator -->By.cssSelector: div.dialog-container
23:03:39.945  INFO  manager.MyListener - WebDriver start find element -->By.cssSelector: div.dialog-container h1
23:03:39.959  INFO  manager.MyListener - WebDriver found element by locator -->By.cssSelector: div.dialog-container h1
23:03:39.967  INFO  manager.MyListener - WebDriver start find element -->By.xpath: //button[text()='Search cars']
23:03:39.979  INFO  manager.MyListener - WebDriver found element by locator -->By.xpath: //button[text()='Search cars']
]]></system-out>
  <system-err><![CDATA[JavaScript error: resource://gre/modules/XULStore.jsm, line 68: Error: Can't find profile directory.
JavaScript error: resource://gre/modules/XULStore.jsm, line 68: Error: Can't find profile directory.
1659211408861	Marionette	WARN	TimedPromise timed out after 500 ms: stacktrace:
TimedPromise/<@chrome://remote/content/marionette/sync.js:237:24
TimedPromise@chrome://remote/content/marionette/sync.js:222:10
interaction.flushEventLoop@chrome://remote/content/marionette/interaction.js:431:10
webdriverClickElement@chrome://remote/content/marionette/interaction.js:179:31
]]></system-err>
</testsuite>
