<?xml version="1.0" encoding="UTF-8"?>
<testsuite name="tests.LoginTests" tests="1" skipped="0" failures="0" errors="0" timestamp="2022-07-30T20:03:17" hostname="DESKTOP-31QDJF0" time="3.743">
  <properties/>
  <testcase name="successLogin2" classname="tests.LoginTests" time="3.743"/>
  <system-out><![CDATA[23:03:07.320  INFO  manager.HelperBase - Start method with name --> successLogin2
23:03:17.365  INFO  manager.MyListener - WebDriver start find element -->By.xpath: //*[@href='/login?url=%2Fsearch']
23:03:17.408  INFO  manager.MyListener - WebDriver found element by locator -->By.xpath: //*[@href='/login?url=%2Fsearch']
23:03:17.701  INFO  manager.MyListener - WebDriver start find element -->By.xpath: //*[@id='email']
23:03:17.733  INFO  manager.MyListener - WebDriver found element by locator -->By.xpath: //*[@id='email']
23:03:18.012  INFO  manager.MyListener - WebDriver start find element -->By.xpath: //*[@id='password']
23:03:18.035  INFO  manager.MyListener - WebDriver found element by locator -->By.xpath: //*[@id='password']
23:03:18.682  INFO  manager.MyListener - WebDriver start find element -->By.cssSelector: button[type='submit']
23:03:18.700  INFO  manager.MyListener - WebDriver found element by locator -->By.cssSelector: button[type='submit']
23:03:18.758  INFO  manager.MyListener - WebDriver start find element -->By.cssSelector: button[type='submit']
23:03:18.777  INFO  manager.MyListener - WebDriver found element by locator -->By.cssSelector: button[type='submit']
23:03:21.006  INFO  manager.MyListener - WebDriver start find element -->By.cssSelector: div.dialog-container
23:03:21.040  INFO  manager.MyListener - WebDriver found element by locator -->By.cssSelector: div.dialog-container
23:03:21.071  INFO  manager.MyListener - WebDriver start find element -->By.cssSelector: div.dialog-container h1
23:03:21.089  INFO  manager.MyListener - WebDriver found element by locator -->By.cssSelector: div.dialog-container h1
23:03:21.124  INFO  manager.MyListener - WebDriver start find element -->By.xpath: //button[text()='Ok']
23:03:21.141  INFO  manager.MyListener - WebDriver found element by locator -->By.xpath: //button[text()='Ok']
]]></system-out>
  <system-err><![CDATA[console.warn: LoginRecipes: "getRecipes: falling back to a synchronous message for:" "https://ilcarro-1578153671498.web.app"
JavaScript error: resource://gre/modules/LoginManagerParent.jsm, line 136: TypeError: gRecipeManager is null
]]></system-err>
</testsuite>
